<?xml version="1.0" encoding="UTF-8"?>
<testsuite xmlns:xsi="http://www.w3.org/2001/XMLSchema-instance" xsi:noNamespaceSchemaLocation="https://maven.apache.org/surefire/maven-surefire-plugin/xsd/surefire-test-report-3.0.xsd" version="3.0" name="TestSuite" time="104.067" tests="2" errors="0" skipped="0" failures="0">
  <properties>
[...]
</properties>
  <testcase name="open" classname="redbus.frontpage" time="54.257">
    <system-out><![CDATA[2021-01-05 02:50:15,066 main ERROR Unrecognized format specifier [t]
2021-01-05 02:50:15,066 main ERROR Unrecognized conversion specifier [t] starting at position 34 in conversion pattern.
2021-01-05 02:50:15,066 main ERROR Unrecognized format specifier [level]
2021-01-05 02:50:15,066 main ERROR Unrecognized conversion specifier [level] starting at position 44 in conversion pattern.
2021-01-05 02:50:15,066 main ERROR Unrecognized format specifier [logger]
2021-01-05 02:50:15,066 main ERROR Unrecognized conversion specifier [logger] starting at position 56 in conversion pattern.
2021-01-05 02:50:15,066 main ERROR Unrecognized format specifier [msg]
2021-01-05 02:50:15,066 main ERROR Unrecognized conversion specifier [msg] starting at position 63 in conversion pattern.
2021-01-05 02:50:15,066 main ERROR Unrecognized format specifier [n]
2021-01-05 02:50:15,066 main ERROR Unrecognized conversion specifier [n] starting at position 65 in conversion pattern.
chrome
2021-01-05 02:50:36,084 main ERROR Unable to rename file C:\Users\krishna\Desktop\redbusE2E\.\logs\prints.log to C:\Users\krishna\Desktop\redbusE2E\.\logs\prints-02:50:36.006 [%t] %-5level %logger - %msg%n: java.nio.file.InvalidPathException Illegal char <:> at index 51: C:\Users\krishna\Desktop\redbusE2E\.\logs\prints-02:50:36.006 [%t] %-5level %logger - %msg%n
]]></system-out>
    <system-err><![CDATA[Starting ChromeDriver 86.0.4240.22 (398b0743353ff36fb1b82468f63a3a93b4e2e89e-refs/branch-heads/4240@{#378}) on port 11070
Only local connections are allowed.
Please see https://chromedriver.chromium.org/security-considerations for suggestions on keeping ChromeDriver safe.
ChromeDriver was started successfully.
[1609843829.833][WARNING]: This version of ChromeDriver has not been tested with Chrome version 87.
Jan 05, 2021 2:50:32 AM org.openqa.selenium.remote.ProtocolHandshake createSession
INFO: Detected dialect: W3C
]]></system-err>
  </testcase>
  <testcase name="second" classname="redbus.frontpage" time="23.749">
    <system-out><![CDATA[2021-01-05 02:51:50,957 main ERROR Unable to rename file C:\Users\krishna\Desktop\redbusE2E\.\logs\prints.log to C:\Users\krishna\Desktop\redbusE2E\.\logs\prints-02:51:50.957 [%t] %-5level %logger - %msg%n: java.nio.file.InvalidPathException Illegal char <:> at index 51: C:\Users\krishna\Desktop\redbusE2E\.\logs\prints-02:51:50.957 [%t] %-5level %logger - %msg%n
2021-01-05 02:51:51,480 main ERROR Unable to rename file C:\Users\krishna\Desktop\redbusE2E\.\logs\prints.log to C:\Users\krishna\Desktop\redbusE2E\.\logs\prints-02:51:51.478 [%t] %-5level %logger - %msg%n: java.nio.file.InvalidPathException Illegal char <:> at index 51: C:\Users\krishna\Desktop\redbusE2E\.\logs\prints-02:51:51.478 [%t] %-5level %logger - %msg%n
2021-01-05 02:51:51,958 main ERROR Unable to rename file C:\Users\krishna\Desktop\redbusE2E\.\logs\prints.log to C:\Users\krishna\Desktop\redbusE2E\.\logs\prints-02:51:51.958 [%t] %-5level %logger - %msg%n: java.nio.file.InvalidPathException Illegal char <:> at index 51: C:\Users\krishna\Desktop\redbusE2E\.\logs\prints-02:51:51.958 [%t] %-5level %logger - %msg%n
2021-01-05 02:51:52,380 main ERROR Unable to rename file C:\Users\krishna\Desktop\redbusE2E\.\logs\prints.log to C:\Users\krishna\Desktop\redbusE2E\.\logs\prints-02:51:52.380 [%t] %-5level %logger - %msg%n: java.nio.file.InvalidPathException Illegal char <:> at index 51: C:\Users\krishna\Desktop\redbusE2E\.\logs\prints-02:51:52.380 [%t] %-5level %logger - %msg%n
2021-01-05 02:51:52,802 main ERROR Unable to rename file C:\Users\krishna\Desktop\redbusE2E\.\logs\prints.log to C:\Users\krishna\Desktop\redbusE2E\.\logs\prints-02:51:52.802 [%t] %-5level %logger - %msg%n: java.nio.file.InvalidPathException Illegal char <:> at index 51: C:\Users\krishna\Desktop\redbusE2E\.\logs\prints-02:51:52.802 [%t] %-5level %logger - %msg%n
]]></system-out>
  </testcase>
</testsuite>