<?xml version="1.0" encoding="UTF-8"?>
<testng-results skipped="0" failed="0" ignored="0" total="1" passed="1">
  <reporter-output>
  </reporter-output>
  <suite name="Default suite" duration-ms="47744" started-at="2020-12-27T15:09:00Z" finished-at="2020-12-27T15:09:48Z">
    <groups>
    </groups>
    <test name="Default test" duration-ms="47744" started-at="2020-12-27T15:09:00Z" finished-at="2020-12-27T15:09:48Z">
      <class name="redbus.frontpage">
        <test-method status="PASS" signature="initialize()[pri:0, instance:redbus.frontpage@1ee9faa]" name="initialize" is-config="true" duration-ms="9501" started-at="2020-12-27T07:09:00Z" finished-at="2020-12-27T07:09:10Z">
          <reporter-output>
          </reporter-output>
        </test-method> <!-- initialize -->
        <test-method status="PASS" signature="open()[pri:0, instance:redbus.frontpage@1ee9faa]" name="open" duration-ms="38109" started-at="2020-12-27T07:09:10Z" finished-at="2020-12-27T07:09:48Z">
          <reporter-output>
          </reporter-output>
        </test-method> <!-- open -->
        <test-method status="PASS" signature="close()[pri:0, instance:redbus.frontpage@1ee9faa]" name="close" is-config="true" duration-ms="0" started-at="2020-12-27T07:09:48Z" finished-at="2020-12-27T07:09:48Z">
          <reporter-output>
          </reporter-output>
        </test-method> <!-- close -->
      </class> <!-- redbus.frontpage -->
    </test> <!-- Default test -->
  </suite> <!-- Default suite -->
</testng-results>
